<?xml version="1.0" encoding="UTF-8"?>
<testng-results skipped="0" failed="0" ignored="0" total="5" passed="5">
  <reporter-output>
  </reporter-output>
  <suite name="Default suite" duration-ms="1625" started-at="2019-02-27T09:02:04Z" finished-at="2019-02-27T09:02:06Z">
    <groups>
    </groups>
    <test name="Default test" duration-ms="1625" started-at="2019-02-27T09:02:04Z" finished-at="2019-02-27T09:02:06Z">
      <class name="getandpost.Get_Post_put_delete">
        <test-method status="PASS" signature="delete()[pri:0, instance:getandpost.Get_Post_put_delete@4f933fd1]" name="delete" duration-ms="1452" started-at="2019-02-27T09:02:04Z" finished-at="2019-02-27T09:02:05Z">
          <reporter-output>
          </reporter-output>
        </test-method> <!-- delete -->
        <test-method status="PASS" signature="get()[pri:0, instance:getandpost.Get_Post_put_delete@4f933fd1]" name="get" duration-ms="25" started-at="2019-02-27T09:02:05Z" finished-at="2019-02-27T09:02:06Z">
          <reporter-output>
          </reporter-output>
        </test-method> <!-- get -->
        <test-method status="PASS" signature="post()[pri:0, instance:getandpost.Get_Post_put_delete@4f933fd1]" name="post" duration-ms="57" started-at="2019-02-27T09:02:06Z" finished-at="2019-02-27T09:02:06Z">
          <reporter-output>
          </reporter-output>
        </test-method> <!-- post -->
        <test-method status="PASS" signature="print1()[pri:0, instance:getandpost.Get_Post_put_delete@4f933fd1]" name="print1" duration-ms="33" started-at="2019-02-27T09:02:06Z" finished-at="2019-02-27T09:02:06Z">
          <reporter-output>
          </reporter-output>
        </test-method> <!-- print1 -->
        <test-method status="PASS" signature="put()[pri:0, instance:getandpost.Get_Post_put_delete@4f933fd1]" name="put" duration-ms="21" started-at="2019-02-27T09:02:06Z" finished-at="2019-02-27T09:02:06Z">
          <reporter-output>
          </reporter-output>
        </test-method> <!-- put -->
      </class> <!-- getandpost.Get_Post_put_delete -->
    </test> <!-- Default test -->
  </suite> <!-- Default suite -->
</testng-results>
