<?xml version="1.0" encoding="UTF-8"?>
<!-- Generated by org.testng.reporters.JUnitXMLReporter -->
<testsuite hostname="DESKTOP-1U3KN85" ignored="0" name="Default test" tests="5" failures="0" timestamp="27 Feb 2019 09:02:06 GMT" time="1.625" errors="0">
  <testcase name="delete" time="1.452" classname="getandpost.Get_Post_put_delete"/>
  <testcase name="get" time="0.025" classname="getandpost.Get_Post_put_delete"/>
  <testcase name="post" time="0.057" classname="getandpost.Get_Post_put_delete"/>
  <testcase name="print1" time="0.033" classname="getandpost.Get_Post_put_delete"/>
  <testcase name="put" time="0.021" classname="getandpost.Get_Post_put_delete"/>
</testsuite> <!-- Default test -->
